2025-03-23 22:00:09,818 INFO o.s.b.StartupInfoLogger [main] Starting LukeVanillaApiApplicationKt using Java 17.0.12 with PID 31792 (C:\Users\Administrator\Documents\GitHub\LukeVanillaAPI\build\classes\kotlin\main started by Administrator in C:\Users\Administrator\Documents\GitHub\LukeVanillaAPI)
2025-03-23 22:00:09,822 DEBUG o.s.b.StartupInfoLogger [main] Running with Spring Boot v3.1.5, Spring v6.0.13
2025-03-23 22:00:09,823 INFO o.s.b.SpringApplication [main] No active profile set, falling back to 1 default profile: "default"
2025-03-23 22:00:10,968 INFO o.s.d.r.c.RepositoryConfigurationDelegate [main] Bootstrapping Spring Data JPA repositories in DEFAULT mode.
2025-03-23 22:00:11,049 INFO o.s.d.r.c.RepositoryConfigurationDelegate [main] Finished Spring Data repository scanning in 71 ms. Found 5 JPA repository interfaces.
2025-03-23 22:00:11,632 INFO o.s.b.w.e.t.TomcatWebServer [main] Tomcat initialized with port(s): 8080 (http)
2025-03-23 22:00:11,642 INFO o.a.j.l.DirectJDKLog [main] Initializing ProtocolHandler ["http-nio-8080"]
2025-03-23 22:00:11,643 INFO o.a.j.l.DirectJDKLog [main] Starting service [Tomcat]
2025-03-23 22:00:11,643 INFO o.a.j.l.DirectJDKLog [main] Starting Servlet engine: [Apache Tomcat/10.1.15]
2025-03-23 22:00:11,741 INFO o.a.j.l.DirectJDKLog [main] Initializing Spring embedded WebApplicationContext
2025-03-23 22:00:11,743 INFO o.s.b.w.s.c.ServletWebServerApplicationContext [main] Root WebApplicationContext: initialization completed in 1869 ms
2025-03-23 22:00:11,864 WARN o.s.c.s.AbstractApplicationContext [main] Exception encountered during context initialization - cancelling refresh attempt: org.springframework.beans.factory.BeanCreationException: Error creating bean with name 'flyway' defined in class path resource [org/springframework/boot/autoconfigure/flyway/FlywayAutoConfiguration$FlywayConfiguration.class]: Failed to instantiate [org.flywaydb.core.Flyway]: Factory method 'flyway' threw exception with message: 'org.flywaydb.core.api.configuration.FluentConfiguration org.flywaydb.core.api.configuration.FluentConfiguration.licenseKey(java.lang.String)'
2025-03-23 22:00:11,866 INFO o.a.j.l.DirectJDKLog [main] Stopping service [Tomcat]
2025-03-23 22:00:11,887 INFO o.s.b.a.l.ConditionEvaluationReportLogger [main] 

Error starting ApplicationContext. To display the condition evaluation report re-run your application with 'debug' enabled.
2025-03-23 22:00:11,921 ERROR o.s.b.d.LoggingFailureAnalysisReporter [main] 

***************************
APPLICATION FAILED TO START
***************************

Description:

An attempt was made to call a method that does not exist. The attempt was made from the following location:

    org.springframework.boot.autoconfigure.flyway.FlywayAutoConfiguration$FlywayConfiguration.configureProperties(FlywayAutoConfiguration.java:254)

The following method did not exist:

    'org.flywaydb.core.api.configuration.FluentConfiguration org.flywaydb.core.api.configuration.FluentConfiguration.licenseKey(java.lang.String)'

The calling method's class, org.springframework.boot.autoconfigure.flyway.FlywayAutoConfiguration$FlywayConfiguration, was loaded from the following location:

    jar:file:/C:/Users/Administrator/.gradle/caches/modules-2/files-2.1/org.springframework.boot/spring-boot-autoconfigure/3.1.5/42a5b2ee98f700fba8d8c88d4af7b23266f1de0f/spring-boot-autoconfigure-3.1.5.jar!/org/springframework/boot/autoconfigure/flyway/FlywayAutoConfiguration$FlywayConfiguration.class

The called method's class, org.flywaydb.core.api.configuration.FluentConfiguration, is available from the following locations:

    jar:file:/C:/Users/Administrator/.gradle/caches/modules-2/files-2.1/org.flywaydb/flyway-core/11.4.0/b86d3c1aca7708d97694f44e27758cd96d2d92f4/flyway-core-11.4.0.jar!/org/flywaydb/core/api/configuration/FluentConfiguration.class

The called method's class hierarchy was loaded from the following locations:

    org.flywaydb.core.api.configuration.FluentConfiguration: file:/C:/Users/Administrator/.gradle/caches/modules-2/files-2.1/org.flywaydb/flyway-core/11.4.0/b86d3c1aca7708d97694f44e27758cd96d2d92f4/flyway-core-11.4.0.jar


Action:

Correct the classpath of your application so that it contains compatible versions of the classes org.springframework.boot.autoconfigure.flyway.FlywayAutoConfiguration$FlywayConfiguration and org.flywaydb.core.api.configuration.FluentConfiguration

2025-03-23 22:22:37,801 INFO o.s.b.StartupInfoLogger [main] Starting LukeVanillaApiApplicationKt using Java 17.0.12 with PID 35160 (C:\Users\Administrator\Documents\GitHub\LukeVanillaAPI\build\classes\kotlin\main started by Administrator in C:\Users\Administrator\Documents\GitHub\LukeVanillaAPI)
2025-03-23 22:22:37,804 DEBUG o.s.b.StartupInfoLogger [main] Running with Spring Boot v3.1.5, Spring v6.0.13
2025-03-23 22:22:37,805 INFO o.s.b.SpringApplication [main] No active profile set, falling back to 1 default profile: "default"
2025-03-23 22:22:39,090 INFO o.s.d.r.c.RepositoryConfigurationDelegate [main] Bootstrapping Spring Data JPA repositories in DEFAULT mode.
2025-03-23 22:22:39,177 INFO o.s.d.r.c.RepositoryConfigurationDelegate [main] Finished Spring Data repository scanning in 79 ms. Found 5 JPA repository interfaces.
2025-03-23 22:22:39,803 INFO o.s.b.w.e.t.TomcatWebServer [main] Tomcat initialized with port(s): 8080 (http)
2025-03-23 22:22:39,811 INFO o.a.j.l.DirectJDKLog [main] Initializing ProtocolHandler ["http-nio-8080"]
2025-03-23 22:22:39,814 INFO o.a.j.l.DirectJDKLog [main] Starting service [Tomcat]
2025-03-23 22:22:39,814 INFO o.a.j.l.DirectJDKLog [main] Starting Servlet engine: [Apache Tomcat/10.1.15]
2025-03-23 22:22:39,930 INFO o.a.j.l.DirectJDKLog [main] Initializing Spring embedded WebApplicationContext
2025-03-23 22:22:39,931 INFO o.s.b.w.s.c.ServletWebServerApplicationContext [main] Root WebApplicationContext: initialization completed in 2074 ms
2025-03-23 22:22:40,108 INFO o.f.c.i.l.s.Slf4jLog [main] Flyway Community Edition 9.16.3 by Redgate
2025-03-23 22:22:40,108 INFO o.f.c.i.l.s.Slf4jLog [main] See release notes here: https://rd.gt/416ObMi
2025-03-23 22:22:40,108 INFO o.f.c.i.l.s.Slf4jLog [main] 
2025-03-23 22:22:40,111 DEBUG o.f.c.i.l.s.Slf4jLog [main] Scanning for classpath resources at 'classpath:db/callback' ...
2025-03-23 22:22:40,111 DEBUG o.f.c.i.l.s.Slf4jLog [main] Determining location urls for classpath:db/callback using ClassLoader jdk.internal.loader.ClassLoaders$AppClassLoader@5e481248 ...
2025-03-23 22:22:40,111 DEBUG o.f.c.i.l.s.Slf4jLog [main] Unable to resolve location classpath:db/callback.
2025-03-23 22:22:40,111 DEBUG o.f.c.i.l.s.Slf4jLog [main] Scanning for classpath resources at 'classpath:db/migration' ...
2025-03-23 22:22:40,111 DEBUG o.f.c.i.l.s.Slf4jLog [main] Determining location urls for classpath:db/migration using ClassLoader jdk.internal.loader.ClassLoaders$AppClassLoader@5e481248 ...
2025-03-23 22:22:40,111 DEBUG o.f.c.i.l.s.Slf4jLog [main] Scanning URL: file:/C:/Users/Administrator/Documents/GitHub/LukeVanillaAPI/build/resources/main/db/migration
2025-03-23 22:22:40,115 DEBUG o.f.c.i.l.s.Slf4jLog [main] Scanning starting at classpath root in filesystem: C:\Users\Administrator\Documents\GitHub\LukeVanillaAPI\build\resources\main\
2025-03-23 22:22:40,115 DEBUG o.f.c.i.l.s.Slf4jLog [main] Scanning for resources in path: C:\Users\Administrator\Documents\GitHub\LukeVanillaAPI\build\resources\main\db\migration (db/migration)
2025-03-23 22:22:40,116 DEBUG o.f.c.i.l.s.Slf4jLog [main] Found resource: db/migration/V1__Initial_Schema.sql
2025-03-23 22:22:40,116 DEBUG o.f.c.i.l.s.Slf4jLog [main] Scanning for classes at classpath:db/migration
2025-03-23 22:22:40,119 DEBUG o.f.c.i.l.s.Slf4jLog [main] Validating V1__Initial_Schema.sql
2025-03-23 22:22:40,126 INFO c.z.h.HikariDataSource [main] HikariPool-1 - Starting...
2025-03-23 22:22:40,441 INFO c.z.h.p.HikariPool [main] HikariPool-1 - Added connection org.postgresql.jdbc.PgConnection@66298fe9
2025-03-23 22:22:40,443 INFO c.z.h.HikariDataSource [main] HikariPool-1 - Start completed.
2025-03-23 22:22:40,463 INFO o.f.c.i.l.s.Slf4jLog [main] Database: jdbc:postgresql://192.168.0.228:5432/lukevanilla (PostgreSQL 16.8)
2025-03-23 22:22:40,464 DEBUG o.f.c.i.l.s.Slf4jLog [main] Driver  : PostgreSQL JDBC Driver 42.6.0
2025-03-23 22:22:40,465 DEBUG o.f.c.i.l.s.Slf4jLog [main] DDL Transactions Supported: true
2025-03-23 22:22:40,466 DEBUG o.f.c.i.l.s.Slf4jLog [main] Schemas: 
2025-03-23 22:22:40,466 DEBUG o.f.c.i.l.s.Slf4jLog [main] Default schema: null
2025-03-23 22:22:40,485 WARN o.f.c.i.l.s.Slf4jLog [main] Flyway upgrade recommended: PostgreSQL 16.8 is newer than this version of Flyway and support has not been tested. The latest supported version of PostgreSQL is 15.
2025-03-23 22:22:40,487 DEBUG o.f.c.i.l.s.Slf4jLog [main] Scanning for SQL callbacks ...
2025-03-23 22:22:40,499 DEBUG o.f.c.i.l.s.Slf4jLog [main] Validating migrations ...
2025-03-23 22:22:40,512 DEBUG o.f.c.i.l.s.Slf4jLog [main] Filtering out resource: db/migration/V1__Initial_Schema.sql (filename: V1__Initial_Schema.sql)
2025-03-23 22:22:40,518 INFO o.f.c.i.l.s.Slf4jLog [main] Schema history table "public"."flyway_schema_history" does not exist yet
2025-03-23 22:22:40,524 INFO o.f.c.i.l.s.Slf4jLog [main] Successfully validated 1 migration (execution time 00:00.022s)
2025-03-23 22:22:40,528 DEBUG o.f.c.i.l.s.Slf4jLog [main] Skipping creation of existing schema: "public"
2025-03-23 22:22:40,561 INFO o.f.c.i.l.s.Slf4jLog [main] Creating Schema History table "public"."flyway_schema_history" with baseline ...
2025-03-23 22:22:40,567 DEBUG o.f.c.i.l.s.Slf4jLog [main] Parsing  ...
2025-03-23 22:22:40,574 DEBUG o.f.c.i.l.s.Slf4jLog [main] Found statement at line 1: CREATE TABLE "public"."flyway_schema_history" (
    "installed_rank" INT NOT NULL,
    "version" VARCHAR(50),
    "description" VARCHAR(200) NOT NULL,
    "type" VARCHAR(20) NOT NULL,
    "script" VARCHAR(1000) NOT NULL,
    "checksum" INTEGER,
    "installed_by" VARCHAR(100) NOT NULL,
    "installed_on" TIMESTAMP NOT NULL DEFAULT now(),
    "execution_time" INTEGER NOT NULL,
    "success" BOOLEAN NOT NULL
)
2025-03-23 22:22:40,574 DEBUG o.f.c.i.l.s.Slf4jLog [main] Found statement at line 13: INSERT INTO "public"."flyway_schema_history" ("installed_rank", "version", "description", "type", "script", "checksum", "installed_by", "execution_time", "success") VALUES (1, '0', '<< Flyway Baseline >>', 'BASELINE', '<< Flyway Baseline >>', NULL, 'lukehemmin', 0, TRUE)
2025-03-23 22:22:40,574 DEBUG o.f.c.i.l.s.Slf4jLog [main] Found statement at line 14: ALTER TABLE "public"."flyway_schema_history" ADD CONSTRAINT "flyway_schema_history_pk" PRIMARY KEY ("installed_rank")
2025-03-23 22:22:40,575 DEBUG o.f.c.i.l.s.Slf4jLog [main] Found statement at line 15: CREATE INDEX "flyway_schema_history_s_idx" ON "public"."flyway_schema_history" ("success")
2025-03-23 22:22:40,575 DEBUG o.f.c.i.l.s.Slf4jLog [main] Executing SQL: CREATE TABLE "public"."flyway_schema_history" (
    "installed_rank" INT NOT NULL,
    "version" VARCHAR(50),
    "description" VARCHAR(200) NOT NULL,
    "type" VARCHAR(20) NOT NULL,
    "script" VARCHAR(1000) NOT NULL,
    "checksum" INTEGER,
    "installed_by" VARCHAR(100) NOT NULL,
    "installed_on" TIMESTAMP NOT NULL DEFAULT now(),
    "execution_time" INTEGER NOT NULL,
    "success" BOOLEAN NOT NULL
)
2025-03-23 22:22:40,581 DEBUG o.f.c.i.l.s.Slf4jLog [main] 0 rows affected
2025-03-23 22:22:40,581 DEBUG o.f.c.i.l.s.Slf4jLog [main] Executing SQL: INSERT INTO "public"."flyway_schema_history" ("installed_rank", "version", "description", "type", "script", "checksum", "installed_by", "execution_time", "success") VALUES (1, '0', '<< Flyway Baseline >>', 'BASELINE', '<< Flyway Baseline >>', NULL, 'lukehemmin', 0, TRUE)
2025-03-23 22:22:40,585 DEBUG o.f.c.i.l.s.Slf4jLog [main] 1 row affected
2025-03-23 22:22:40,585 DEBUG o.f.c.i.l.s.Slf4jLog [main] Executing SQL: ALTER TABLE "public"."flyway_schema_history" ADD CONSTRAINT "flyway_schema_history_pk" PRIMARY KEY ("installed_rank")
2025-03-23 22:22:40,600 DEBUG o.f.c.i.l.s.Slf4jLog [main] 0 rows affected
2025-03-23 22:22:40,601 DEBUG o.f.c.i.l.s.Slf4jLog [main] Executing SQL: CREATE INDEX "flyway_schema_history_s_idx" ON "public"."flyway_schema_history" ("success")
2025-03-23 22:22:40,616 DEBUG o.f.c.i.l.s.Slf4jLog [main] 0 rows affected
2025-03-23 22:22:40,616 DEBUG o.f.c.i.l.s.Slf4jLog [main] Created Schema History table "public"."flyway_schema_history" with baseline
2025-03-23 22:22:40,630 INFO o.f.c.i.l.s.Slf4jLog [main] Successfully baselined schema with version: 0
2025-03-23 22:22:40,679 INFO o.f.c.i.l.s.Slf4jLog [main] Current version of schema "public": 0
2025-03-23 22:22:40,680 DEBUG o.f.c.i.l.s.Slf4jLog [main] Parsing V1__Initial_Schema.sql ...
2025-03-23 22:22:40,684 DEBUG o.f.c.i.l.s.Slf4jLog [main] Found statement at line 1: CREATE TABLE IF NOT EXISTS player_balance (
    uuid VARCHAR(36) PRIMARY KEY,
    balance DECIMAL(20, 2) NOT NULL DEFAULT 0.0
)
2025-03-23 22:22:40,685 DEBUG o.f.c.i.l.s.Slf4jLog [main] Found statement at line 6: CREATE TABLE IF NOT EXISTS player_auth (
    auth_code VARCHAR(6) PRIMARY KEY,
    uuid VARCHAR(36) NOT NULL,
    is_auth BOOLEAN NOT NULL DEFAULT FALSE
)
2025-03-23 22:22:40,686 DEBUG o.f.c.i.l.s.Slf4jLog [main] Found statement at line 12: CREATE TABLE IF NOT EXISTS player_data (
    uuid VARCHAR(36) PRIMARY KEY,
    nickname VARCHAR(255) NOT NULL,
    discord_id VARCHAR(255)
)
2025-03-23 22:22:40,688 DEBUG o.f.c.i.l.s.Slf4jLog [main] Found statement at line 18: CREATE TABLE IF NOT EXISTS player_nametag (
    uuid VARCHAR(36) PRIMARY KEY,
    tag VARCHAR(255) NOT NULL
)
2025-03-23 22:22:40,688 DEBUG o.f.c.i.l.s.Slf4jLog [main] Found statement at line 23: CREATE TABLE IF NOT EXISTS support_chat_link (
    support_id VARCHAR(36) PRIMARY KEY,
    uuid VARCHAR(36) NOT NULL,
    message_link TEXT NOT NULL,
    case_close BOOLEAN NOT NULL DEFAULT FALSE,
    created_at TIMESTAMP DEFAULT CURRENT_TIMESTAMP
)
2025-03-23 22:22:40,688 DEBUG o.f.c.i.l.s.Slf4jLog [main] Found statement at line 32: -- 인덱스 추가
CREATE INDEX IF NOT EXISTS idx_player_data_discord_id ON player_data(discord_id)
2025-03-23 22:22:40,693 DEBUG o.f.c.i.l.s.Slf4jLog [main] Found statement at line 33: CREATE INDEX IF NOT EXISTS idx_player_auth_uuid ON player_auth(uuid)
2025-03-23 22:22:40,694 DEBUG o.f.c.i.l.s.Slf4jLog [main] Found statement at line 34: CREATE INDEX IF NOT EXISTS idx_support_chat_link_uuid ON support_chat_link(uuid)
2025-03-23 22:22:40,695 DEBUG o.f.c.i.l.s.Slf4jLog [main] Starting migration of schema "public" to version "1 - Initial Schema" ...
2025-03-23 22:22:40,706 INFO o.f.c.i.l.s.Slf4jLog [main] Migrating schema "public" to version "1 - Initial Schema"
2025-03-23 22:22:40,709 DEBUG o.f.c.i.l.s.Slf4jLog [main] Executing SQL: CREATE TABLE IF NOT EXISTS player_balance (
    uuid VARCHAR(36) PRIMARY KEY,
    balance DECIMAL(20, 2) NOT NULL DEFAULT 0.0
)
2025-03-23 22:22:40,714 WARN o.f.c.i.l.s.Slf4jLog [main] DB: relation "player_balance" already exists, skipping (SQL State: 42P07 - Error Code: 0)
2025-03-23 22:22:40,714 DEBUG o.f.c.i.l.s.Slf4jLog [main] 0 rows affected
2025-03-23 22:22:40,714 DEBUG o.f.c.i.l.s.Slf4jLog [main] Executing SQL: CREATE TABLE IF NOT EXISTS player_auth (
    auth_code VARCHAR(6) PRIMARY KEY,
    uuid VARCHAR(36) NOT NULL,
    is_auth BOOLEAN NOT NULL DEFAULT FALSE
)
2025-03-23 22:22:40,721 WARN o.f.c.i.l.s.Slf4jLog [main] DB: relation "player_auth" already exists, skipping (SQL State: 42P07 - Error Code: 0)
2025-03-23 22:22:40,721 DEBUG o.f.c.i.l.s.Slf4jLog [main] 0 rows affected
2025-03-23 22:22:40,721 DEBUG o.f.c.i.l.s.Slf4jLog [main] Executing SQL: CREATE TABLE IF NOT EXISTS player_data (
    uuid VARCHAR(36) PRIMARY KEY,
    nickname VARCHAR(255) NOT NULL,
    discord_id VARCHAR(255)
)
2025-03-23 22:22:40,725 WARN o.f.c.i.l.s.Slf4jLog [main] DB: relation "player_data" already exists, skipping (SQL State: 42P07 - Error Code: 0)
2025-03-23 22:22:40,726 DEBUG o.f.c.i.l.s.Slf4jLog [main] 0 rows affected
2025-03-23 22:22:40,726 DEBUG o.f.c.i.l.s.Slf4jLog [main] Executing SQL: CREATE TABLE IF NOT EXISTS player_nametag (
    uuid VARCHAR(36) PRIMARY KEY,
    tag VARCHAR(255) NOT NULL
)
2025-03-23 22:22:40,729 WARN o.f.c.i.l.s.Slf4jLog [main] DB: relation "player_nametag" already exists, skipping (SQL State: 42P07 - Error Code: 0)
2025-03-23 22:22:40,730 DEBUG o.f.c.i.l.s.Slf4jLog [main] 0 rows affected
2025-03-23 22:22:40,730 DEBUG o.f.c.i.l.s.Slf4jLog [main] Executing SQL: CREATE TABLE IF NOT EXISTS support_chat_link (
    support_id VARCHAR(36) PRIMARY KEY,
    uuid VARCHAR(36) NOT NULL,
    message_link TEXT NOT NULL,
    case_close BOOLEAN NOT NULL DEFAULT FALSE,
    created_at TIMESTAMP DEFAULT CURRENT_TIMESTAMP
)
2025-03-23 22:22:40,759 WARN o.f.c.i.l.s.Slf4jLog [main] DB: relation "support_chat_link" already exists, skipping (SQL State: 42P07 - Error Code: 0)
2025-03-23 22:22:40,759 DEBUG o.f.c.i.l.s.Slf4jLog [main] 0 rows affected
2025-03-23 22:22:40,760 DEBUG o.f.c.i.l.s.Slf4jLog [main] Executing SQL: -- 인덱스 추가
CREATE INDEX IF NOT EXISTS idx_player_data_discord_id ON player_data(discord_id)
2025-03-23 22:22:40,784 DEBUG o.f.c.i.l.s.Slf4jLog [main] 0 rows affected
2025-03-23 22:22:40,784 DEBUG o.f.c.i.l.s.Slf4jLog [main] Executing SQL: CREATE INDEX IF NOT EXISTS idx_player_auth_uuid ON player_auth(uuid)
2025-03-23 22:22:40,825 DEBUG o.f.c.i.l.s.Slf4jLog [main] 0 rows affected
2025-03-23 22:22:40,826 DEBUG o.f.c.i.l.s.Slf4jLog [main] Executing SQL: CREATE INDEX IF NOT EXISTS idx_support_chat_link_uuid ON support_chat_link(uuid)
2025-03-23 22:22:40,846 DEBUG o.f.c.i.l.s.Slf4jLog [main] 0 rows affected
2025-03-23 22:22:40,846 DEBUG o.f.c.i.l.s.Slf4jLog [main] Successfully completed migration of schema "public" to version "1 - Initial Schema"
2025-03-23 22:22:40,859 DEBUG o.f.c.i.l.s.Slf4jLog [main] Schema History table "public"."flyway_schema_history" successfully updated to reflect changes
2025-03-23 22:22:40,883 INFO o.f.c.i.l.s.Slf4jLog [main] Successfully applied 1 migration to schema "public", now at version v1 (execution time 00:00.238s)
2025-03-23 22:22:40,908 DEBUG o.f.c.i.l.s.Slf4jLog [main] Memory usage: 40 of 80M
2025-03-23 22:22:41,532 INFO o.s.o.j.p.SpringPersistenceUnitInfo [main] No LoadTimeWeaver setup: ignoring JPA class transformer
2025-03-23 22:22:42,699 ERROR o.s.o.j.AbstractEntityManagerFactoryBean [main] Failed to initialize JPA EntityManagerFactory: [PersistenceUnit: default] Unable to build Hibernate SessionFactory; nested exception is org.hibernate.tool.schema.spi.SchemaManagementException: Schema-validation: missing column [created_at] in table [support_chat_link]
2025-03-23 22:22:42,699 WARN o.s.c.s.AbstractApplicationContext [main] Exception encountered during context initialization - cancelling refresh attempt: org.springframework.beans.factory.BeanCreationException: Error creating bean with name 'entityManagerFactory' defined in class path resource [org/springframework/boot/autoconfigure/orm/jpa/HibernateJpaConfiguration.class]: [PersistenceUnit: default] Unable to build Hibernate SessionFactory; nested exception is org.hibernate.tool.schema.spi.SchemaManagementException: Schema-validation: missing column [created_at] in table [support_chat_link]
2025-03-23 22:22:42,699 INFO c.z.h.HikariDataSource [main] HikariPool-1 - Shutdown initiated...
2025-03-23 22:22:42,714 INFO c.z.h.HikariDataSource [main] HikariPool-1 - Shutdown completed.
2025-03-23 22:22:42,716 INFO o.a.j.l.DirectJDKLog [main] Stopping service [Tomcat]
2025-03-23 22:22:42,727 INFO o.s.b.a.l.ConditionEvaluationReportLogger [main] 

Error starting ApplicationContext. To display the condition evaluation report re-run your application with 'debug' enabled.
2025-03-23 22:22:42,750 ERROR o.s.b.SpringApplication [main] Application run failed
org.springframework.beans.factory.BeanCreationException: Error creating bean with name 'entityManagerFactory' defined in class path resource [org/springframework/boot/autoconfigure/orm/jpa/HibernateJpaConfiguration.class]: [PersistenceUnit: default] Unable to build Hibernate SessionFactory; nested exception is org.hibernate.tool.schema.spi.SchemaManagementException: Schema-validation: missing column [created_at] in table [support_chat_link]
	at org.springframework.beans.factory.support.AbstractAutowireCapableBeanFactory.initializeBean(AbstractAutowireCapableBeanFactory.java:1770)
	at org.springframework.beans.factory.support.AbstractAutowireCapableBeanFactory.doCreateBean(AbstractAutowireCapableBeanFactory.java:598)
	at org.springframework.beans.factory.support.AbstractAutowireCapableBeanFactory.createBean(AbstractAutowireCapableBeanFactory.java:520)
	at org.springframework.beans.factory.support.AbstractBeanFactory.lambda$doGetBean$0(AbstractBeanFactory.java:325)
	at org.springframework.beans.factory.support.DefaultSingletonBeanRegistry.getSingleton(DefaultSingletonBeanRegistry.java:234)
	at org.springframework.beans.factory.support.AbstractBeanFactory.doGetBean(AbstractBeanFactory.java:323)
	at org.springframework.beans.factory.support.AbstractBeanFactory.getBean(AbstractBeanFactory.java:199)
	at org.springframework.context.support.AbstractApplicationContext.getBean(AbstractApplicationContext.java:1166)
	at org.springframework.context.support.AbstractApplicationContext.finishBeanFactoryInitialization(AbstractApplicationContext.java:940)
	at org.springframework.context.support.AbstractApplicationContext.refresh(AbstractApplicationContext.java:616)
	at org.springframework.boot.web.servlet.context.ServletWebServerApplicationContext.refresh(ServletWebServerApplicationContext.java:146)
	at org.springframework.boot.SpringApplication.refresh(SpringApplication.java:738)
	at org.springframework.boot.SpringApplication.refreshContext(SpringApplication.java:440)
	at org.springframework.boot.SpringApplication.run(SpringApplication.java:316)
	at org.springframework.boot.SpringApplication.run(SpringApplication.java:1306)
	at org.springframework.boot.SpringApplication.run(SpringApplication.java:1295)
	at com.lukehemmin.lukeVanillaAPI.LukeVanillaApiApplicationKt.main(LukeVanillaApiApplication.kt:13)
Caused by: jakarta.persistence.PersistenceException: [PersistenceUnit: default] Unable to build Hibernate SessionFactory; nested exception is org.hibernate.tool.schema.spi.SchemaManagementException: Schema-validation: missing column [created_at] in table [support_chat_link]
	at org.springframework.orm.jpa.AbstractEntityManagerFactoryBean.buildNativeEntityManagerFactory(AbstractEntityManagerFactoryBean.java:421)
	at org.springframework.orm.jpa.AbstractEntityManagerFactoryBean.afterPropertiesSet(AbstractEntityManagerFactoryBean.java:396)
	at org.springframework.orm.jpa.LocalContainerEntityManagerFactoryBean.afterPropertiesSet(LocalContainerEntityManagerFactoryBean.java:352)
	at org.springframework.beans.factory.support.AbstractAutowireCapableBeanFactory.invokeInitMethods(AbstractAutowireCapableBeanFactory.java:1817)
	at org.springframework.beans.factory.support.AbstractAutowireCapableBeanFactory.initializeBean(AbstractAutowireCapableBeanFactory.java:1766)
	... 16 common frames omitted
Caused by: org.hibernate.tool.schema.spi.SchemaManagementException: Schema-validation: missing column [created_at] in table [support_chat_link]
	at org.hibernate.tool.schema.internal.AbstractSchemaValidator.validateTable(AbstractSchemaValidator.java:145)
	at org.hibernate.tool.schema.internal.GroupedSchemaValidatorImpl.validateTables(GroupedSchemaValidatorImpl.java:46)
	at org.hibernate.tool.schema.internal.AbstractSchemaValidator.performValidation(AbstractSchemaValidator.java:97)
	at org.hibernate.tool.schema.internal.AbstractSchemaValidator.doValidation(AbstractSchemaValidator.java:75)
	at org.hibernate.tool.schema.spi.SchemaManagementToolCoordinator.performDatabaseAction(SchemaManagementToolCoordinator.java:293)
	at org.hibernate.tool.schema.spi.SchemaManagementToolCoordinator.lambda$process$5(SchemaManagementToolCoordinator.java:143)
	at java.base/java.util.HashMap.forEach(HashMap.java:1421)
	at org.hibernate.tool.schema.spi.SchemaManagementToolCoordinator.process(SchemaManagementToolCoordinator.java:140)
	at org.hibernate.boot.internal.SessionFactoryObserverForSchemaExport.sessionFactoryCreated(SessionFactoryObserverForSchemaExport.java:37)
	at org.hibernate.internal.SessionFactoryObserverChain.sessionFactoryCreated(SessionFactoryObserverChain.java:35)
	at org.hibernate.internal.SessionFactoryImpl.<init>(SessionFactoryImpl.java:293)
	at org.hibernate.boot.internal.SessionFactoryBuilderImpl.build(SessionFactoryBuilderImpl.java:444)
	at org.hibernate.jpa.boot.internal.EntityManagerFactoryBuilderImpl.build(EntityManagerFactoryBuilderImpl.java:1458)
	at org.springframework.orm.jpa.vendor.SpringHibernateJpaPersistenceProvider.createContainerEntityManagerFactory(SpringHibernateJpaPersistenceProvider.java:75)
	at org.springframework.orm.jpa.LocalContainerEntityManagerFactoryBean.createNativeEntityManagerFactory(LocalContainerEntityManagerFactoryBean.java:376)
	at org.springframework.orm.jpa.AbstractEntityManagerFactoryBean.buildNativeEntityManagerFactory(AbstractEntityManagerFactoryBean.java:409)
	... 20 common frames omitted
2025-03-23 22:29:27,532 INFO o.s.b.StartupInfoLogger [main] Starting LukeVanillaApiApplicationKt using Java 17.0.12 with PID 23740 (C:\Users\Administrator\Documents\GitHub\LukeVanillaAPI\build\classes\kotlin\main started by Administrator in C:\Users\Administrator\Documents\GitHub\LukeVanillaAPI)
2025-03-23 22:29:27,533 DEBUG o.s.b.StartupInfoLogger [main] Running with Spring Boot v3.1.5, Spring v6.0.13
2025-03-23 22:29:27,534 INFO o.s.b.SpringApplication [main] No active profile set, falling back to 1 default profile: "default"
2025-03-23 22:29:28,668 INFO o.s.d.r.c.RepositoryConfigurationDelegate [main] Bootstrapping Spring Data JPA repositories in DEFAULT mode.
2025-03-23 22:29:28,760 INFO o.s.d.r.c.RepositoryConfigurationDelegate [main] Finished Spring Data repository scanning in 83 ms. Found 5 JPA repository interfaces.
2025-03-23 22:29:29,540 INFO o.s.b.w.e.t.TomcatWebServer [main] Tomcat initialized with port(s): 8080 (http)
2025-03-23 22:29:29,551 INFO o.a.j.l.DirectJDKLog [main] Initializing ProtocolHandler ["http-nio-8080"]
2025-03-23 22:29:29,553 INFO o.a.j.l.DirectJDKLog [main] Starting service [Tomcat]
2025-03-23 22:29:29,554 INFO o.a.j.l.DirectJDKLog [main] Starting Servlet engine: [Apache Tomcat/10.1.15]
2025-03-23 22:29:29,656 INFO o.a.j.l.DirectJDKLog [main] Initializing Spring embedded WebApplicationContext
2025-03-23 22:29:29,657 INFO o.s.b.w.s.c.ServletWebServerApplicationContext [main] Root WebApplicationContext: initialization completed in 2064 ms
2025-03-23 22:29:29,800 WARN o.s.c.s.AbstractApplicationContext [main] Exception encountered during context initialization - cancelling refresh attempt: org.springframework.beans.factory.BeanCreationException: Error creating bean with name 'flyway' defined in class path resource [org/springframework/boot/autoconfigure/flyway/FlywayAutoConfiguration$FlywayConfiguration.class]: Failed to instantiate [org.flywaydb.core.Flyway]: Factory method 'flyway' threw exception with message: 'org.flywaydb.core.api.configuration.FluentConfiguration org.flywaydb.core.api.configuration.FluentConfiguration.licenseKey(java.lang.String)'
2025-03-23 22:29:29,804 INFO o.a.j.l.DirectJDKLog [main] Stopping service [Tomcat]
2025-03-23 22:29:29,822 INFO o.s.b.a.l.ConditionEvaluationReportLogger [main] 

Error starting ApplicationContext. To display the condition evaluation report re-run your application with 'debug' enabled.
2025-03-23 22:29:29,844 ERROR o.s.b.d.LoggingFailureAnalysisReporter [main] 

***************************
APPLICATION FAILED TO START
***************************

Description:

An attempt was made to call a method that does not exist. The attempt was made from the following location:

    org.springframework.boot.autoconfigure.flyway.FlywayAutoConfiguration$FlywayConfiguration.configureProperties(FlywayAutoConfiguration.java:254)

The following method did not exist:

    'org.flywaydb.core.api.configuration.FluentConfiguration org.flywaydb.core.api.configuration.FluentConfiguration.licenseKey(java.lang.String)'

The calling method's class, org.springframework.boot.autoconfigure.flyway.FlywayAutoConfiguration$FlywayConfiguration, was loaded from the following location:

    jar:file:/C:/Users/Administrator/.gradle/caches/modules-2/files-2.1/org.springframework.boot/spring-boot-autoconfigure/3.1.5/42a5b2ee98f700fba8d8c88d4af7b23266f1de0f/spring-boot-autoconfigure-3.1.5.jar!/org/springframework/boot/autoconfigure/flyway/FlywayAutoConfiguration$FlywayConfiguration.class

The called method's class, org.flywaydb.core.api.configuration.FluentConfiguration, is available from the following locations:

    jar:file:/C:/Users/Administrator/.gradle/caches/modules-2/files-2.1/org.flywaydb/flyway-core/10.20.1/27c35cad285433947ef986c615ce2742f69145de/flyway-core-10.20.1.jar!/org/flywaydb/core/api/configuration/FluentConfiguration.class

The called method's class hierarchy was loaded from the following locations:

    org.flywaydb.core.api.configuration.FluentConfiguration: file:/C:/Users/Administrator/.gradle/caches/modules-2/files-2.1/org.flywaydb/flyway-core/10.20.1/27c35cad285433947ef986c615ce2742f69145de/flyway-core-10.20.1.jar


Action:

Correct the classpath of your application so that it contains compatible versions of the classes org.springframework.boot.autoconfigure.flyway.FlywayAutoConfiguration$FlywayConfiguration and org.flywaydb.core.api.configuration.FluentConfiguration

2025-03-23 22:49:14,459 INFO o.s.b.StartupInfoLogger [main] Starting LukeVanillaApiApplicationKt using Java 17.0.12 with PID 23780 (C:\Users\Administrator\Documents\GitHub\LukeVanillaAPI\build\classes\kotlin\main started by Administrator in C:\Users\Administrator\Documents\GitHub\LukeVanillaAPI)
2025-03-23 22:49:14,462 DEBUG o.s.b.StartupInfoLogger [main] Running with Spring Boot v3.1.5, Spring v6.0.13
2025-03-23 22:49:14,462 INFO o.s.b.SpringApplication [main] No active profile set, falling back to 1 default profile: "default"
2025-03-23 22:49:15,509 INFO o.s.d.r.c.RepositoryConfigurationDelegate [main] Bootstrapping Spring Data JPA repositories in DEFAULT mode.
2025-03-23 22:49:15,594 INFO o.s.d.r.c.RepositoryConfigurationDelegate [main] Finished Spring Data repository scanning in 76 ms. Found 5 JPA repository interfaces.
2025-03-23 22:49:16,319 INFO o.s.b.w.e.t.TomcatWebServer [main] Tomcat initialized with port(s): 8080 (http)
2025-03-23 22:49:16,331 INFO o.a.j.l.DirectJDKLog [main] Initializing ProtocolHandler ["http-nio-8080"]
2025-03-23 22:49:16,333 INFO o.a.j.l.DirectJDKLog [main] Starting service [Tomcat]
2025-03-23 22:49:16,335 INFO o.a.j.l.DirectJDKLog [main] Starting Servlet engine: [Apache Tomcat/10.1.15]
2025-03-23 22:49:16,493 INFO o.a.j.l.DirectJDKLog [main] Initializing Spring embedded WebApplicationContext
2025-03-23 22:49:16,494 INFO o.s.b.w.s.c.ServletWebServerApplicationContext [main] Root WebApplicationContext: initialization completed in 1985 ms
2025-03-23 22:49:16,637 WARN o.s.c.s.AbstractApplicationContext [main] Exception encountered during context initialization - cancelling refresh attempt: org.springframework.beans.factory.BeanCreationException: Error creating bean with name 'flyway' defined in class path resource [org/springframework/boot/autoconfigure/flyway/FlywayAutoConfiguration$FlywayConfiguration.class]: Failed to instantiate [org.flywaydb.core.Flyway]: Factory method 'flyway' threw exception with message: 'org.flywaydb.core.api.configuration.FluentConfiguration org.flywaydb.core.api.configuration.FluentConfiguration.licenseKey(java.lang.String)'
2025-03-23 22:49:16,639 INFO o.a.j.l.DirectJDKLog [main] Stopping service [Tomcat]
2025-03-23 22:49:16,651 INFO o.s.b.a.l.ConditionEvaluationReportLogger [main] 

Error starting ApplicationContext. To display the condition evaluation report re-run your application with 'debug' enabled.
2025-03-23 22:49:16,671 ERROR o.s.b.d.LoggingFailureAnalysisReporter [main] 

***************************
APPLICATION FAILED TO START
***************************

Description:

An attempt was made to call a method that does not exist. The attempt was made from the following location:

    org.springframework.boot.autoconfigure.flyway.FlywayAutoConfiguration$FlywayConfiguration.configureProperties(FlywayAutoConfiguration.java:254)

The following method did not exist:

    'org.flywaydb.core.api.configuration.FluentConfiguration org.flywaydb.core.api.configuration.FluentConfiguration.licenseKey(java.lang.String)'

The calling method's class, org.springframework.boot.autoconfigure.flyway.FlywayAutoConfiguration$FlywayConfiguration, was loaded from the following location:

    jar:file:/C:/Users/Administrator/.gradle/caches/modules-2/files-2.1/org.springframework.boot/spring-boot-autoconfigure/3.1.5/42a5b2ee98f700fba8d8c88d4af7b23266f1de0f/spring-boot-autoconfigure-3.1.5.jar!/org/springframework/boot/autoconfigure/flyway/FlywayAutoConfiguration$FlywayConfiguration.class

The called method's class, org.flywaydb.core.api.configuration.FluentConfiguration, is available from the following locations:

    jar:file:/C:/Users/Administrator/.gradle/caches/modules-2/files-2.1/org.flywaydb/flyway-core/11.3.4/2564c0ea41f0e019fe8ed80be5f1596c81802a4c/flyway-core-11.3.4.jar!/org/flywaydb/core/api/configuration/FluentConfiguration.class

The called method's class hierarchy was loaded from the following locations:

    org.flywaydb.core.api.configuration.FluentConfiguration: file:/C:/Users/Administrator/.gradle/caches/modules-2/files-2.1/org.flywaydb/flyway-core/11.3.4/2564c0ea41f0e019fe8ed80be5f1596c81802a4c/flyway-core-11.3.4.jar


Action:

Correct the classpath of your application so that it contains compatible versions of the classes org.springframework.boot.autoconfigure.flyway.FlywayAutoConfiguration$FlywayConfiguration and org.flywaydb.core.api.configuration.FluentConfiguration

2025-03-23 22:56:44,024 INFO o.s.b.StartupInfoLogger [main] Starting LukeVanillaApiApplicationKt using Java 17.0.12 with PID 25416 (C:\Users\Administrator\Documents\GitHub\LukeVanillaAPI\build\classes\kotlin\main started by Administrator in C:\Users\Administrator\Documents\GitHub\LukeVanillaAPI)
2025-03-23 22:56:44,027 DEBUG o.s.b.StartupInfoLogger [main] Running with Spring Boot v3.1.5, Spring v6.0.13
2025-03-23 22:56:44,028 INFO o.s.b.SpringApplication [main] No active profile set, falling back to 1 default profile: "default"
2025-03-23 22:56:45,168 INFO o.s.d.r.c.RepositoryConfigurationDelegate [main] Bootstrapping Spring Data JPA repositories in DEFAULT mode.
2025-03-23 22:56:45,251 INFO o.s.d.r.c.RepositoryConfigurationDelegate [main] Finished Spring Data repository scanning in 77 ms. Found 5 JPA repository interfaces.
2025-03-23 22:56:46,016 INFO o.s.b.w.e.t.TomcatWebServer [main] Tomcat initialized with port(s): 8080 (http)
2025-03-23 22:56:46,025 INFO o.a.j.l.DirectJDKLog [main] Initializing ProtocolHandler ["http-nio-8080"]
2025-03-23 22:56:46,029 INFO o.a.j.l.DirectJDKLog [main] Starting service [Tomcat]
2025-03-23 22:56:46,029 INFO o.a.j.l.DirectJDKLog [main] Starting Servlet engine: [Apache Tomcat/10.1.15]
2025-03-23 22:56:46,157 INFO o.a.j.l.DirectJDKLog [main] Initializing Spring embedded WebApplicationContext
2025-03-23 22:56:46,159 INFO o.s.b.w.s.c.ServletWebServerApplicationContext [main] Root WebApplicationContext: initialization completed in 2081 ms
2025-03-23 22:56:46,302 WARN o.s.c.s.AbstractApplicationContext [main] Exception encountered during context initialization - cancelling refresh attempt: org.springframework.beans.factory.BeanCreationException: Error creating bean with name 'flyway' defined in class path resource [org/springframework/boot/autoconfigure/flyway/FlywayAutoConfiguration$FlywayConfiguration.class]: Failed to instantiate [org.flywaydb.core.Flyway]: Factory method 'flyway' threw exception with message: 'org.flywaydb.core.api.configuration.FluentConfiguration org.flywaydb.core.api.configuration.FluentConfiguration.licenseKey(java.lang.String)'
2025-03-23 22:56:46,306 INFO o.a.j.l.DirectJDKLog [main] Stopping service [Tomcat]
2025-03-23 22:56:46,321 INFO o.s.b.a.l.ConditionEvaluationReportLogger [main] 

Error starting ApplicationContext. To display the condition evaluation report re-run your application with 'debug' enabled.
2025-03-23 22:56:46,344 ERROR o.s.b.d.LoggingFailureAnalysisReporter [main] 

***************************
APPLICATION FAILED TO START
***************************

Description:

An attempt was made to call a method that does not exist. The attempt was made from the following location:

    org.springframework.boot.autoconfigure.flyway.FlywayAutoConfiguration$FlywayConfiguration.configureProperties(FlywayAutoConfiguration.java:254)

The following method did not exist:

    'org.flywaydb.core.api.configuration.FluentConfiguration org.flywaydb.core.api.configuration.FluentConfiguration.licenseKey(java.lang.String)'

The calling method's class, org.springframework.boot.autoconfigure.flyway.FlywayAutoConfiguration$FlywayConfiguration, was loaded from the following location:

    jar:file:/C:/Users/Administrator/.gradle/caches/modules-2/files-2.1/org.springframework.boot/spring-boot-autoconfigure/3.1.5/42a5b2ee98f700fba8d8c88d4af7b23266f1de0f/spring-boot-autoconfigure-3.1.5.jar!/org/springframework/boot/autoconfigure/flyway/FlywayAutoConfiguration$FlywayConfiguration.class

The called method's class, org.flywaydb.core.api.configuration.FluentConfiguration, is available from the following locations:

    jar:file:/C:/Users/Administrator/.gradle/caches/modules-2/files-2.1/org.flywaydb/flyway-core/10.22.0/9f1c186b32ef2fd6f92fb0940198a33f18b21a73/flyway-core-10.22.0.jar!/org/flywaydb/core/api/configuration/FluentConfiguration.class

The called method's class hierarchy was loaded from the following locations:

    org.flywaydb.core.api.configuration.FluentConfiguration: file:/C:/Users/Administrator/.gradle/caches/modules-2/files-2.1/org.flywaydb/flyway-core/10.22.0/9f1c186b32ef2fd6f92fb0940198a33f18b21a73/flyway-core-10.22.0.jar


Action:

Correct the classpath of your application so that it contains compatible versions of the classes org.springframework.boot.autoconfigure.flyway.FlywayAutoConfiguration$FlywayConfiguration and org.flywaydb.core.api.configuration.FluentConfiguration

2025-03-23 23:07:05,586 INFO o.s.b.StartupInfoLogger [main] Starting LukeVanillaApiApplicationKt using Java 17.0.12 with PID 3920 (C:\Users\Administrator\Documents\GitHub\LukeVanillaAPI\build\classes\kotlin\main started by Administrator in C:\Users\Administrator\Documents\GitHub\LukeVanillaAPI)
2025-03-23 23:07:05,589 DEBUG o.s.b.StartupInfoLogger [main] Running with Spring Boot v3.1.5, Spring v6.0.13
2025-03-23 23:07:05,590 INFO o.s.b.SpringApplication [main] No active profile set, falling back to 1 default profile: "default"
2025-03-23 23:07:06,689 INFO o.s.d.r.c.RepositoryConfigurationDelegate [main] Bootstrapping Spring Data JPA repositories in DEFAULT mode.
2025-03-23 23:07:06,765 INFO o.s.d.r.c.RepositoryConfigurationDelegate [main] Finished Spring Data repository scanning in 67 ms. Found 5 JPA repository interfaces.
2025-03-23 23:07:07,349 INFO o.s.b.w.e.t.TomcatWebServer [main] Tomcat initialized with port(s): 8080 (http)
2025-03-23 23:07:07,358 INFO o.a.j.l.DirectJDKLog [main] Initializing ProtocolHandler ["http-nio-8080"]
2025-03-23 23:07:07,363 INFO o.a.j.l.DirectJDKLog [main] Starting service [Tomcat]
2025-03-23 23:07:07,363 INFO o.a.j.l.DirectJDKLog [main] Starting Servlet engine: [Apache Tomcat/10.1.15]
2025-03-23 23:07:07,469 INFO o.a.j.l.DirectJDKLog [main] Initializing Spring embedded WebApplicationContext
2025-03-23 23:07:07,469 INFO o.s.b.w.s.c.ServletWebServerApplicationContext [main] Root WebApplicationContext: initialization completed in 1818 ms
2025-03-23 23:07:07,587 INFO c.z.h.HikariDataSource [main] HikariPool-1 - Starting...
2025-03-23 23:07:07,895 INFO c.z.h.p.HikariPool [main] HikariPool-1 - Added connection org.postgresql.jdbc.PgConnection@3070f3e6
2025-03-23 23:07:07,897 INFO c.z.h.HikariDataSource [main] HikariPool-1 - Start completed.
2025-03-23 23:07:07,986 INFO o.f.c.i.l.s.Slf4jLog [main] Flyway Community Edition 9.22.3 by Redgate
2025-03-23 23:07:07,987 INFO o.f.c.i.l.s.Slf4jLog [main] See release notes here: https://rd.gt/416ObMi
2025-03-23 23:07:07,987 INFO o.f.c.i.l.s.Slf4jLog [main] 
2025-03-23 23:07:07,989 DEBUG o.f.c.i.l.s.Slf4jLog [main] Scanning for classpath resources at 'classpath:db/callback' ...
2025-03-23 23:07:07,990 DEBUG o.f.c.i.l.s.Slf4jLog [main] Determining location urls for classpath:db/callback using ClassLoader jdk.internal.loader.ClassLoaders$AppClassLoader@5e481248 ...
2025-03-23 23:07:07,990 DEBUG o.f.c.i.l.s.Slf4jLog [main] Unable to resolve location classpath:db/callback.
2025-03-23 23:07:07,990 DEBUG o.f.c.i.l.s.Slf4jLog [main] Scanning for classpath resources at 'classpath:db/migration' ...
2025-03-23 23:07:07,995 DEBUG o.f.c.i.l.s.Slf4jLog [main] Determining location urls for classpath:db/migration using ClassLoader jdk.internal.loader.ClassLoaders$AppClassLoader@5e481248 ...
2025-03-23 23:07:07,997 DEBUG o.f.c.i.l.s.Slf4jLog [main] Scanning URL: file:/C:/Users/Administrator/Documents/GitHub/LukeVanillaAPI/build/resources/main/db/migration
2025-03-23 23:07:08,004 DEBUG o.f.c.i.l.s.Slf4jLog [main] Scanning starting at classpath root in filesystem: C:\Users\Administrator\Documents\GitHub\LukeVanillaAPI\build\resources\main\
2025-03-23 23:07:08,004 DEBUG o.f.c.i.l.s.Slf4jLog [main] Scanning for resources in path: C:\Users\Administrator\Documents\GitHub\LukeVanillaAPI\build\resources\main\db\migration (db/migration)
2025-03-23 23:07:08,008 DEBUG o.f.c.i.l.s.Slf4jLog [main] Found resource: db/migration/V1__Initial_Schema.sql
2025-03-23 23:07:08,008 DEBUG o.f.c.i.l.s.Slf4jLog [main] Scanning for classes at classpath:db/migration
2025-03-23 23:07:08,016 DEBUG o.f.c.i.l.s.Slf4jLog [main] Validating V1__Initial_Schema.sql
2025-03-23 23:07:08,033 INFO o.f.c.i.l.s.Slf4jLog [main] Database: jdbc:postgresql://192.168.0.228:5432/lukevanilla (PostgreSQL 16.8)
2025-03-23 23:07:08,034 DEBUG o.f.c.i.l.s.Slf4jLog [main] Driver: PostgreSQL JDBC Driver 42.7.2
2025-03-23 23:07:08,034 DEBUG o.f.c.i.l.s.Slf4jLog [main] DDL Transactions Supported: true
2025-03-23 23:07:08,036 DEBUG o.f.c.i.l.s.Slf4jLog [main] Schemas: 
2025-03-23 23:07:08,036 DEBUG o.f.c.i.l.s.Slf4jLog [main] Default schema: null
2025-03-23 23:07:08,051 WARN o.f.c.i.l.s.Slf4jLog [main] Flyway upgrade recommended: PostgreSQL 16.8 is newer than this version of Flyway and support has not been tested. The latest supported version of PostgreSQL is 15.
2025-03-23 23:07:08,052 DEBUG o.f.c.i.l.s.Slf4jLog [main] Scanning for SQL callbacks ...
2025-03-23 23:07:08,063 DEBUG o.f.c.i.l.s.Slf4jLog [main] Validating migrations ...
2025-03-23 23:07:08,073 DEBUG o.f.c.i.l.s.Slf4jLog [main] Filtering out resource: db/migration/V1__Initial_Schema.sql (filename: V1__Initial_Schema.sql)
2025-03-23 23:07:08,074 DEBUG o.f.c.i.l.s.Slf4jLog [main] Filtering out resource: db/migration/V1__Initial_Schema.sql (filename: V1__Initial_Schema.sql)
2025-03-23 23:07:08,093 INFO o.f.c.i.l.s.Slf4jLog [main] Successfully validated 2 migrations (execution time 00:00.029s)
2025-03-23 23:07:08,098 DEBUG o.f.c.i.l.s.Slf4jLog [main] Skipping creation of existing schema: "public"
2025-03-23 23:07:08,121 INFO o.f.c.i.l.s.Slf4jLog [main] Current version of schema "public": 1
2025-03-23 23:07:08,127 INFO o.f.c.i.l.s.Slf4jLog [main] Schema "public" is up to date. No migration necessary.
2025-03-23 23:07:08,139 DEBUG o.f.c.i.l.s.Slf4jLog [main] Memory usage: 37 of 80M
2025-03-23 23:07:08,838 INFO o.s.o.j.p.SpringPersistenceUnitInfo [main] No LoadTimeWeaver setup: ignoring JPA class transformer
2025-03-23 23:07:09,984 ERROR o.s.o.j.AbstractEntityManagerFactoryBean [main] Failed to initialize JPA EntityManagerFactory: [PersistenceUnit: default] Unable to build Hibernate SessionFactory; nested exception is org.hibernate.tool.schema.spi.SchemaManagementException: Schema-validation: missing column [created_at] in table [support_chat_link]
2025-03-23 23:07:09,984 WARN o.s.c.s.AbstractApplicationContext [main] Exception encountered during context initialization - cancelling refresh attempt: org.springframework.beans.factory.BeanCreationException: Error creating bean with name 'entityManagerFactory' defined in class path resource [org/springframework/boot/autoconfigure/orm/jpa/HibernateJpaConfiguration.class]: [PersistenceUnit: default] Unable to build Hibernate SessionFactory; nested exception is org.hibernate.tool.schema.spi.SchemaManagementException: Schema-validation: missing column [created_at] in table [support_chat_link]
2025-03-23 23:07:09,985 INFO c.z.h.HikariDataSource [main] HikariPool-1 - Shutdown initiated...
2025-03-23 23:07:10,000 INFO c.z.h.HikariDataSource [main] HikariPool-1 - Shutdown completed.
2025-03-23 23:07:10,001 INFO o.a.j.l.DirectJDKLog [main] Stopping service [Tomcat]
2025-03-23 23:07:10,015 INFO o.s.b.a.l.ConditionEvaluationReportLogger [main] 

Error starting ApplicationContext. To display the condition evaluation report re-run your application with 'debug' enabled.
2025-03-23 23:07:10,036 ERROR o.s.b.SpringApplication [main] Application run failed
org.springframework.beans.factory.BeanCreationException: Error creating bean with name 'entityManagerFactory' defined in class path resource [org/springframework/boot/autoconfigure/orm/jpa/HibernateJpaConfiguration.class]: [PersistenceUnit: default] Unable to build Hibernate SessionFactory; nested exception is org.hibernate.tool.schema.spi.SchemaManagementException: Schema-validation: missing column [created_at] in table [support_chat_link]
	at org.springframework.beans.factory.support.AbstractAutowireCapableBeanFactory.initializeBean(AbstractAutowireCapableBeanFactory.java:1770)
	at org.springframework.beans.factory.support.AbstractAutowireCapableBeanFactory.doCreateBean(AbstractAutowireCapableBeanFactory.java:598)
	at org.springframework.beans.factory.support.AbstractAutowireCapableBeanFactory.createBean(AbstractAutowireCapableBeanFactory.java:520)
	at org.springframework.beans.factory.support.AbstractBeanFactory.lambda$doGetBean$0(AbstractBeanFactory.java:325)
	at org.springframework.beans.factory.support.DefaultSingletonBeanRegistry.getSingleton(DefaultSingletonBeanRegistry.java:234)
	at org.springframework.beans.factory.support.AbstractBeanFactory.doGetBean(AbstractBeanFactory.java:323)
	at org.springframework.beans.factory.support.AbstractBeanFactory.getBean(AbstractBeanFactory.java:199)
	at org.springframework.context.support.AbstractApplicationContext.getBean(AbstractApplicationContext.java:1166)
	at org.springframework.context.support.AbstractApplicationContext.finishBeanFactoryInitialization(AbstractApplicationContext.java:940)
	at org.springframework.context.support.AbstractApplicationContext.refresh(AbstractApplicationContext.java:616)
	at org.springframework.boot.web.servlet.context.ServletWebServerApplicationContext.refresh(ServletWebServerApplicationContext.java:146)
	at org.springframework.boot.SpringApplication.refresh(SpringApplication.java:738)
	at org.springframework.boot.SpringApplication.refreshContext(SpringApplication.java:440)
	at org.springframework.boot.SpringApplication.run(SpringApplication.java:316)
	at org.springframework.boot.SpringApplication.run(SpringApplication.java:1306)
	at org.springframework.boot.SpringApplication.run(SpringApplication.java:1295)
	at com.lukehemmin.lukeVanillaAPI.LukeVanillaApiApplicationKt.main(LukeVanillaApiApplication.kt:13)
Caused by: jakarta.persistence.PersistenceException: [PersistenceUnit: default] Unable to build Hibernate SessionFactory; nested exception is org.hibernate.tool.schema.spi.SchemaManagementException: Schema-validation: missing column [created_at] in table [support_chat_link]
	at org.springframework.orm.jpa.AbstractEntityManagerFactoryBean.buildNativeEntityManagerFactory(AbstractEntityManagerFactoryBean.java:421)
	at org.springframework.orm.jpa.AbstractEntityManagerFactoryBean.afterPropertiesSet(AbstractEntityManagerFactoryBean.java:396)
	at org.springframework.orm.jpa.LocalContainerEntityManagerFactoryBean.afterPropertiesSet(LocalContainerEntityManagerFactoryBean.java:352)
	at org.springframework.beans.factory.support.AbstractAutowireCapableBeanFactory.invokeInitMethods(AbstractAutowireCapableBeanFactory.java:1817)
	at org.springframework.beans.factory.support.AbstractAutowireCapableBeanFactory.initializeBean(AbstractAutowireCapableBeanFactory.java:1766)
	... 16 common frames omitted
Caused by: org.hibernate.tool.schema.spi.SchemaManagementException: Schema-validation: missing column [created_at] in table [support_chat_link]
	at org.hibernate.tool.schema.internal.AbstractSchemaValidator.validateTable(AbstractSchemaValidator.java:145)
	at org.hibernate.tool.schema.internal.GroupedSchemaValidatorImpl.validateTables(GroupedSchemaValidatorImpl.java:46)
	at org.hibernate.tool.schema.internal.AbstractSchemaValidator.performValidation(AbstractSchemaValidator.java:97)
	at org.hibernate.tool.schema.internal.AbstractSchemaValidator.doValidation(AbstractSchemaValidator.java:75)
	at org.hibernate.tool.schema.spi.SchemaManagementToolCoordinator.performDatabaseAction(SchemaManagementToolCoordinator.java:293)
	at org.hibernate.tool.schema.spi.SchemaManagementToolCoordinator.lambda$process$5(SchemaManagementToolCoordinator.java:143)
	at java.base/java.util.HashMap.forEach(HashMap.java:1421)
	at org.hibernate.tool.schema.spi.SchemaManagementToolCoordinator.process(SchemaManagementToolCoordinator.java:140)
	at org.hibernate.boot.internal.SessionFactoryObserverForSchemaExport.sessionFactoryCreated(SessionFactoryObserverForSchemaExport.java:37)
	at org.hibernate.internal.SessionFactoryObserverChain.sessionFactoryCreated(SessionFactoryObserverChain.java:35)
	at org.hibernate.internal.SessionFactoryImpl.<init>(SessionFactoryImpl.java:293)
	at org.hibernate.boot.internal.SessionFactoryBuilderImpl.build(SessionFactoryBuilderImpl.java:444)
	at org.hibernate.jpa.boot.internal.EntityManagerFactoryBuilderImpl.build(EntityManagerFactoryBuilderImpl.java:1458)
	at org.springframework.orm.jpa.vendor.SpringHibernateJpaPersistenceProvider.createContainerEntityManagerFactory(SpringHibernateJpaPersistenceProvider.java:75)
	at org.springframework.orm.jpa.LocalContainerEntityManagerFactoryBean.createNativeEntityManagerFactory(LocalContainerEntityManagerFactoryBean.java:376)
	at org.springframework.orm.jpa.AbstractEntityManagerFactoryBean.buildNativeEntityManagerFactory(AbstractEntityManagerFactoryBean.java:409)
	... 20 common frames omitted
2025-03-23 23:26:11,091 INFO o.s.b.StartupInfoLogger [main] Starting LukeVanillaApiApplicationKt using Java 17.0.12 with PID 36576 (C:\Users\Administrator\Documents\GitHub\LukeVanillaAPI\build\classes\kotlin\main started by Administrator in C:\Users\Administrator\Documents\GitHub\LukeVanillaAPI)
2025-03-23 23:26:11,093 DEBUG o.s.b.StartupInfoLogger [main] Running with Spring Boot v3.1.5, Spring v6.0.13
2025-03-23 23:26:11,093 INFO o.s.b.SpringApplication [main] No active profile set, falling back to 1 default profile: "default"
2025-03-23 23:26:12,807 INFO o.s.d.r.c.RepositoryConfigurationDelegate [main] Bootstrapping Spring Data JPA repositories in DEFAULT mode.
2025-03-23 23:26:12,891 INFO o.s.d.r.c.RepositoryConfigurationDelegate [main] Finished Spring Data repository scanning in 75 ms. Found 5 JPA repository interfaces.
2025-03-23 23:26:13,682 INFO o.s.b.w.e.t.TomcatWebServer [main] Tomcat initialized with port(s): 8080 (http)
2025-03-23 23:26:13,690 INFO o.a.j.l.DirectJDKLog [main] Initializing ProtocolHandler ["http-nio-8080"]
2025-03-23 23:26:13,693 INFO o.a.j.l.DirectJDKLog [main] Starting service [Tomcat]
2025-03-23 23:26:13,694 INFO o.a.j.l.DirectJDKLog [main] Starting Servlet engine: [Apache Tomcat/10.1.15]
2025-03-23 23:26:13,805 INFO o.a.j.l.DirectJDKLog [main] Initializing Spring embedded WebApplicationContext
2025-03-23 23:26:13,805 INFO o.s.b.w.s.c.ServletWebServerApplicationContext [main] Root WebApplicationContext: initialization completed in 2650 ms
2025-03-23 23:26:13,927 INFO c.z.h.HikariDataSource [main] HikariPool-1 - Starting...
2025-03-23 23:26:14,223 INFO c.z.h.p.HikariPool [main] HikariPool-1 - Added connection org.postgresql.jdbc.PgConnection@634aa81e
2025-03-23 23:26:14,225 INFO c.z.h.HikariDataSource [main] HikariPool-1 - Start completed.
2025-03-23 23:26:14,305 INFO o.f.c.i.l.s.Slf4jLog [main] Flyway Community Edition 9.22.3 by Redgate
2025-03-23 23:26:14,305 INFO o.f.c.i.l.s.Slf4jLog [main] See release notes here: https://rd.gt/416ObMi
2025-03-23 23:26:14,305 INFO o.f.c.i.l.s.Slf4jLog [main] 
2025-03-23 23:26:14,308 DEBUG o.f.c.i.l.s.Slf4jLog [main] Scanning for classpath resources at 'classpath:db/callback' ...
2025-03-23 23:26:14,308 DEBUG o.f.c.i.l.s.Slf4jLog [main] Determining location urls for classpath:db/callback using ClassLoader jdk.internal.loader.ClassLoaders$AppClassLoader@5e481248 ...
2025-03-23 23:26:14,309 DEBUG o.f.c.i.l.s.Slf4jLog [main] Unable to resolve location classpath:db/callback.
2025-03-23 23:26:14,316 DEBUG o.f.c.i.l.s.Slf4jLog [main] Scanning for classpath resources at 'classpath:db/migration' ...
2025-03-23 23:26:14,316 DEBUG o.f.c.i.l.s.Slf4jLog [main] Determining location urls for classpath:db/migration using ClassLoader jdk.internal.loader.ClassLoaders$AppClassLoader@5e481248 ...
2025-03-23 23:26:14,316 DEBUG o.f.c.i.l.s.Slf4jLog [main] Scanning URL: file:/C:/Users/Administrator/Documents/GitHub/LukeVanillaAPI/build/resources/main/db/migration
2025-03-23 23:26:14,319 DEBUG o.f.c.i.l.s.Slf4jLog [main] Scanning starting at classpath root in filesystem: C:\Users\Administrator\Documents\GitHub\LukeVanillaAPI\build\resources\main\
2025-03-23 23:26:14,320 DEBUG o.f.c.i.l.s.Slf4jLog [main] Scanning for resources in path: C:\Users\Administrator\Documents\GitHub\LukeVanillaAPI\build\resources\main\db\migration (db/migration)
2025-03-23 23:26:14,321 DEBUG o.f.c.i.l.s.Slf4jLog [main] Found resource: db/migration/V1__Initial_Schema.sql
2025-03-23 23:26:14,321 DEBUG o.f.c.i.l.s.Slf4jLog [main] Scanning for classes at classpath:db/migration
2025-03-23 23:26:14,323 DEBUG o.f.c.i.l.s.Slf4jLog [main] Validating V1__Initial_Schema.sql
2025-03-23 23:26:14,334 INFO o.f.c.i.l.s.Slf4jLog [main] Database: jdbc:postgresql://192.168.0.228:5432/lukevanilla (PostgreSQL 16.8)
2025-03-23 23:26:14,334 DEBUG o.f.c.i.l.s.Slf4jLog [main] Driver: PostgreSQL JDBC Driver 42.7.2
2025-03-23 23:26:14,334 DEBUG o.f.c.i.l.s.Slf4jLog [main] DDL Transactions Supported: true
2025-03-23 23:26:14,335 DEBUG o.f.c.i.l.s.Slf4jLog [main] Schemas: 
2025-03-23 23:26:14,335 DEBUG o.f.c.i.l.s.Slf4jLog [main] Default schema: null
2025-03-23 23:26:14,347 WARN o.f.c.i.l.s.Slf4jLog [main] Flyway upgrade recommended: PostgreSQL 16.8 is newer than this version of Flyway and support has not been tested. The latest supported version of PostgreSQL is 15.
2025-03-23 23:26:14,349 DEBUG o.f.c.i.l.s.Slf4jLog [main] Scanning for SQL callbacks ...
2025-03-23 23:26:14,361 DEBUG o.f.c.i.l.s.Slf4jLog [main] Validating migrations ...
2025-03-23 23:26:14,371 DEBUG o.f.c.i.l.s.Slf4jLog [main] Filtering out resource: db/migration/V1__Initial_Schema.sql (filename: V1__Initial_Schema.sql)
2025-03-23 23:26:14,371 DEBUG o.f.c.i.l.s.Slf4jLog [main] Filtering out resource: db/migration/V1__Initial_Schema.sql (filename: V1__Initial_Schema.sql)
2025-03-23 23:26:14,393 INFO o.f.c.i.l.s.Slf4jLog [main] Successfully validated 2 migrations (execution time 00:00.031s)
2025-03-23 23:26:14,397 DEBUG o.f.c.i.l.s.Slf4jLog [main] Skipping creation of existing schema: "public"
2025-03-23 23:26:14,418 INFO o.f.c.i.l.s.Slf4jLog [main] Current version of schema "public": 1
2025-03-23 23:26:14,421 INFO o.f.c.i.l.s.Slf4jLog [main] Schema "public" is up to date. No migration necessary.
2025-03-23 23:26:14,432 DEBUG o.f.c.i.l.s.Slf4jLog [main] Memory usage: 28 of 96M
2025-03-23 23:26:14,972 INFO o.s.o.j.p.SpringPersistenceUnitInfo [main] No LoadTimeWeaver setup: ignoring JPA class transformer
2025-03-23 23:26:16,290 ERROR o.s.o.j.AbstractEntityManagerFactoryBean [main] Failed to initialize JPA EntityManagerFactory: [PersistenceUnit: default] Unable to build Hibernate SessionFactory; nested exception is org.hibernate.tool.schema.spi.SchemaManagementException: Schema-validation: missing column [case_close] in table [support_chat_link]
2025-03-23 23:26:16,291 WARN o.s.c.s.AbstractApplicationContext [main] Exception encountered during context initialization - cancelling refresh attempt: org.springframework.beans.factory.BeanCreationException: Error creating bean with name 'entityManagerFactory' defined in class path resource [org/springframework/boot/autoconfigure/orm/jpa/HibernateJpaConfiguration.class]: [PersistenceUnit: default] Unable to build Hibernate SessionFactory; nested exception is org.hibernate.tool.schema.spi.SchemaManagementException: Schema-validation: missing column [case_close] in table [support_chat_link]
2025-03-23 23:26:16,291 INFO c.z.h.HikariDataSource [main] HikariPool-1 - Shutdown initiated...
2025-03-23 23:26:16,307 INFO c.z.h.HikariDataSource [main] HikariPool-1 - Shutdown completed.
2025-03-23 23:26:16,309 INFO o.a.j.l.DirectJDKLog [main] Stopping service [Tomcat]
2025-03-23 23:26:16,327 INFO o.s.b.a.l.ConditionEvaluationReportLogger [main] 

Error starting ApplicationContext. To display the condition evaluation report re-run your application with 'debug' enabled.
2025-03-23 23:26:16,350 ERROR o.s.b.SpringApplication [main] Application run failed
org.springframework.beans.factory.BeanCreationException: Error creating bean with name 'entityManagerFactory' defined in class path resource [org/springframework/boot/autoconfigure/orm/jpa/HibernateJpaConfiguration.class]: [PersistenceUnit: default] Unable to build Hibernate SessionFactory; nested exception is org.hibernate.tool.schema.spi.SchemaManagementException: Schema-validation: missing column [case_close] in table [support_chat_link]
	at org.springframework.beans.factory.support.AbstractAutowireCapableBeanFactory.initializeBean(AbstractAutowireCapableBeanFactory.java:1770)
	at org.springframework.beans.factory.support.AbstractAutowireCapableBeanFactory.doCreateBean(AbstractAutowireCapableBeanFactory.java:598)
	at org.springframework.beans.factory.support.AbstractAutowireCapableBeanFactory.createBean(AbstractAutowireCapableBeanFactory.java:520)
	at org.springframework.beans.factory.support.AbstractBeanFactory.lambda$doGetBean$0(AbstractBeanFactory.java:325)
	at org.springframework.beans.factory.support.DefaultSingletonBeanRegistry.getSingleton(DefaultSingletonBeanRegistry.java:234)
	at org.springframework.beans.factory.support.AbstractBeanFactory.doGetBean(AbstractBeanFactory.java:323)
	at org.springframework.beans.factory.support.AbstractBeanFactory.getBean(AbstractBeanFactory.java:199)
	at org.springframework.context.support.AbstractApplicationContext.getBean(AbstractApplicationContext.java:1166)
	at org.springframework.context.support.AbstractApplicationContext.finishBeanFactoryInitialization(AbstractApplicationContext.java:940)
	at org.springframework.context.support.AbstractApplicationContext.refresh(AbstractApplicationContext.java:616)
	at org.springframework.boot.web.servlet.context.ServletWebServerApplicationContext.refresh(ServletWebServerApplicationContext.java:146)
	at org.springframework.boot.SpringApplication.refresh(SpringApplication.java:738)
	at org.springframework.boot.SpringApplication.refreshContext(SpringApplication.java:440)
	at org.springframework.boot.SpringApplication.run(SpringApplication.java:316)
	at org.springframework.boot.SpringApplication.run(SpringApplication.java:1306)
	at org.springframework.boot.SpringApplication.run(SpringApplication.java:1295)
	at com.lukehemmin.lukeVanillaAPI.LukeVanillaApiApplicationKt.main(LukeVanillaApiApplication.kt:13)
Caused by: jakarta.persistence.PersistenceException: [PersistenceUnit: default] Unable to build Hibernate SessionFactory; nested exception is org.hibernate.tool.schema.spi.SchemaManagementException: Schema-validation: missing column [case_close] in table [support_chat_link]
	at org.springframework.orm.jpa.AbstractEntityManagerFactoryBean.buildNativeEntityManagerFactory(AbstractEntityManagerFactoryBean.java:421)
	at org.springframework.orm.jpa.AbstractEntityManagerFactoryBean.afterPropertiesSet(AbstractEntityManagerFactoryBean.java:396)
	at org.springframework.orm.jpa.LocalContainerEntityManagerFactoryBean.afterPropertiesSet(LocalContainerEntityManagerFactoryBean.java:352)
	at org.springframework.beans.factory.support.AbstractAutowireCapableBeanFactory.invokeInitMethods(AbstractAutowireCapableBeanFactory.java:1817)
	at org.springframework.beans.factory.support.AbstractAutowireCapableBeanFactory.initializeBean(AbstractAutowireCapableBeanFactory.java:1766)
	... 16 common frames omitted
Caused by: org.hibernate.tool.schema.spi.SchemaManagementException: Schema-validation: missing column [case_close] in table [support_chat_link]
	at org.hibernate.tool.schema.internal.AbstractSchemaValidator.validateTable(AbstractSchemaValidator.java:145)
	at org.hibernate.tool.schema.internal.GroupedSchemaValidatorImpl.validateTables(GroupedSchemaValidatorImpl.java:46)
	at org.hibernate.tool.schema.internal.AbstractSchemaValidator.performValidation(AbstractSchemaValidator.java:97)
	at org.hibernate.tool.schema.internal.AbstractSchemaValidator.doValidation(AbstractSchemaValidator.java:75)
	at org.hibernate.tool.schema.spi.SchemaManagementToolCoordinator.performDatabaseAction(SchemaManagementToolCoordinator.java:293)
	at org.hibernate.tool.schema.spi.SchemaManagementToolCoordinator.lambda$process$5(SchemaManagementToolCoordinator.java:143)
	at java.base/java.util.HashMap.forEach(HashMap.java:1421)
	at org.hibernate.tool.schema.spi.SchemaManagementToolCoordinator.process(SchemaManagementToolCoordinator.java:140)
	at org.hibernate.boot.internal.SessionFactoryObserverForSchemaExport.sessionFactoryCreated(SessionFactoryObserverForSchemaExport.java:37)
	at org.hibernate.internal.SessionFactoryObserverChain.sessionFactoryCreated(SessionFactoryObserverChain.java:35)
	at org.hibernate.internal.SessionFactoryImpl.<init>(SessionFactoryImpl.java:293)
	at org.hibernate.boot.internal.SessionFactoryBuilderImpl.build(SessionFactoryBuilderImpl.java:444)
	at org.hibernate.jpa.boot.internal.EntityManagerFactoryBuilderImpl.build(EntityManagerFactoryBuilderImpl.java:1458)
	at org.springframework.orm.jpa.vendor.SpringHibernateJpaPersistenceProvider.createContainerEntityManagerFactory(SpringHibernateJpaPersistenceProvider.java:75)
	at org.springframework.orm.jpa.LocalContainerEntityManagerFactoryBean.createNativeEntityManagerFactory(LocalContainerEntityManagerFactoryBean.java:376)
	at org.springframework.orm.jpa.AbstractEntityManagerFactoryBean.buildNativeEntityManagerFactory(AbstractEntityManagerFactoryBean.java:409)
	... 20 common frames omitted
2025-03-23 23:27:57,716 INFO o.s.b.StartupInfoLogger [main] Starting LukeVanillaApiApplicationKt using Java 17.0.12 with PID 35488 (C:\Users\Administrator\Documents\GitHub\LukeVanillaAPI\build\classes\kotlin\main started by Administrator in C:\Users\Administrator\Documents\GitHub\LukeVanillaAPI)
2025-03-23 23:27:57,717 DEBUG o.s.b.StartupInfoLogger [main] Running with Spring Boot v3.1.5, Spring v6.0.13
2025-03-23 23:27:57,717 INFO o.s.b.SpringApplication [main] No active profile set, falling back to 1 default profile: "default"
2025-03-23 23:27:59,097 INFO o.s.d.r.c.RepositoryConfigurationDelegate [main] Bootstrapping Spring Data JPA repositories in DEFAULT mode.
2025-03-23 23:27:59,182 INFO o.s.d.r.c.RepositoryConfigurationDelegate [main] Finished Spring Data repository scanning in 76 ms. Found 5 JPA repository interfaces.
2025-03-23 23:28:00,017 INFO o.s.b.w.e.t.TomcatWebServer [main] Tomcat initialized with port(s): 8080 (http)
2025-03-23 23:28:00,032 INFO o.a.j.l.DirectJDKLog [main] Initializing ProtocolHandler ["http-nio-8080"]
2025-03-23 23:28:00,036 INFO o.a.j.l.DirectJDKLog [main] Starting service [Tomcat]
2025-03-23 23:28:00,037 INFO o.a.j.l.DirectJDKLog [main] Starting Servlet engine: [Apache Tomcat/10.1.15]
2025-03-23 23:28:00,155 INFO o.a.j.l.DirectJDKLog [main] Initializing Spring embedded WebApplicationContext
2025-03-23 23:28:00,155 INFO o.s.b.w.s.c.ServletWebServerApplicationContext [main] Root WebApplicationContext: initialization completed in 2380 ms
2025-03-23 23:28:00,271 INFO c.z.h.HikariDataSource [main] HikariPool-1 - Starting...
2025-03-23 23:28:00,581 INFO c.z.h.p.HikariPool [main] HikariPool-1 - Added connection org.postgresql.jdbc.PgConnection@389a5022
2025-03-23 23:28:00,586 INFO c.z.h.HikariDataSource [main] HikariPool-1 - Start completed.
2025-03-23 23:28:00,692 INFO o.f.c.i.l.s.Slf4jLog [main] Flyway Community Edition 9.22.3 by Redgate
2025-03-23 23:28:00,692 INFO o.f.c.i.l.s.Slf4jLog [main] See release notes here: https://rd.gt/416ObMi
2025-03-23 23:28:00,692 INFO o.f.c.i.l.s.Slf4jLog [main] 
2025-03-23 23:28:00,697 DEBUG o.f.c.i.l.s.Slf4jLog [main] Scanning for classpath resources at 'classpath:db/callback' ...
2025-03-23 23:28:00,697 DEBUG o.f.c.i.l.s.Slf4jLog [main] Determining location urls for classpath:db/callback using ClassLoader jdk.internal.loader.ClassLoaders$AppClassLoader@5e481248 ...
2025-03-23 23:28:00,697 DEBUG o.f.c.i.l.s.Slf4jLog [main] Unable to resolve location classpath:db/callback.
2025-03-23 23:28:00,697 DEBUG o.f.c.i.l.s.Slf4jLog [main] Scanning for classpath resources at 'classpath:db/migration' ...
2025-03-23 23:28:00,697 DEBUG o.f.c.i.l.s.Slf4jLog [main] Determining location urls for classpath:db/migration using ClassLoader jdk.internal.loader.ClassLoaders$AppClassLoader@5e481248 ...
2025-03-23 23:28:00,698 DEBUG o.f.c.i.l.s.Slf4jLog [main] Scanning URL: file:/C:/Users/Administrator/Documents/GitHub/LukeVanillaAPI/build/resources/main/db/migration
2025-03-23 23:28:00,699 DEBUG o.f.c.i.l.s.Slf4jLog [main] Scanning starting at classpath root in filesystem: C:\Users\Administrator\Documents\GitHub\LukeVanillaAPI\build\resources\main\
2025-03-23 23:28:00,699 DEBUG o.f.c.i.l.s.Slf4jLog [main] Scanning for resources in path: C:\Users\Administrator\Documents\GitHub\LukeVanillaAPI\build\resources\main\db\migration (db/migration)
2025-03-23 23:28:00,702 DEBUG o.f.c.i.l.s.Slf4jLog [main] Found resource: db/migration/V1__Initial_Schema.sql
2025-03-23 23:28:00,702 DEBUG o.f.c.i.l.s.Slf4jLog [main] Scanning for classes at classpath:db/migration
2025-03-23 23:28:00,705 DEBUG o.f.c.i.l.s.Slf4jLog [main] Validating V1__Initial_Schema.sql
2025-03-23 23:28:00,713 INFO o.f.c.i.l.s.Slf4jLog [main] Database: jdbc:postgresql://192.168.0.228:5432/lukevanilla (PostgreSQL 16.8)
2025-03-23 23:28:00,713 DEBUG o.f.c.i.l.s.Slf4jLog [main] Driver: PostgreSQL JDBC Driver 42.7.2
2025-03-23 23:28:00,713 DEBUG o.f.c.i.l.s.Slf4jLog [main] DDL Transactions Supported: true
2025-03-23 23:28:00,716 DEBUG o.f.c.i.l.s.Slf4jLog [main] Schemas: 
2025-03-23 23:28:00,716 DEBUG o.f.c.i.l.s.Slf4jLog [main] Default schema: null
2025-03-23 23:28:00,732 WARN o.f.c.i.l.s.Slf4jLog [main] Flyway upgrade recommended: PostgreSQL 16.8 is newer than this version of Flyway and support has not been tested. The latest supported version of PostgreSQL is 15.
2025-03-23 23:28:00,734 DEBUG o.f.c.i.l.s.Slf4jLog [main] Scanning for SQL callbacks ...
2025-03-23 23:28:00,745 DEBUG o.f.c.i.l.s.Slf4jLog [main] Validating migrations ...
2025-03-23 23:28:00,759 DEBUG o.f.c.i.l.s.Slf4jLog [main] Filtering out resource: db/migration/V1__Initial_Schema.sql (filename: V1__Initial_Schema.sql)
2025-03-23 23:28:00,760 DEBUG o.f.c.i.l.s.Slf4jLog [main] Filtering out resource: db/migration/V1__Initial_Schema.sql (filename: V1__Initial_Schema.sql)
2025-03-23 23:28:00,793 INFO o.f.c.i.l.s.Slf4jLog [main] Successfully validated 2 migrations (execution time 00:00.046s)
2025-03-23 23:28:00,803 DEBUG o.f.c.i.l.s.Slf4jLog [main] Skipping creation of existing schema: "public"
2025-03-23 23:28:00,882 INFO o.f.c.i.l.s.Slf4jLog [main] Current version of schema "public": 1
2025-03-23 23:28:00,889 INFO o.f.c.i.l.s.Slf4jLog [main] Schema "public" is up to date. No migration necessary.
2025-03-23 23:28:00,906 DEBUG o.f.c.i.l.s.Slf4jLog [main] Memory usage: 26 of 96M
2025-03-23 23:28:01,441 INFO o.s.o.j.p.SpringPersistenceUnitInfo [main] No LoadTimeWeaver setup: ignoring JPA class transformer
2025-03-23 23:28:02,740 INFO o.s.o.j.AbstractEntityManagerFactoryBean [main] Initialized JPA EntityManagerFactory for persistence unit 'default'
2025-03-23 23:28:03,711 WARN o.s.b.a.o.j.JpaBaseConfiguration$JpaWebConfiguration [main] spring.jpa.open-in-view is enabled by default. Therefore, database queries may be performed during view rendering. Explicitly configure spring.jpa.open-in-view to disable this warning
2025-03-23 23:28:03,737 WARN o.s.b.a.s.s.UserDetailsServiceAutoConfiguration [main] 

Using generated security password: 1fcbc3d1-6c2b-4d9e-848d-826ec97c20ea

This generated password is for development use only. Your security configuration must be updated before running your application in production.

2025-03-23 23:28:04,033 INFO o.s.s.w.DefaultSecurityFilterChain [main] Will secure any request with [org.springframework.security.web.session.DisableEncodeUrlFilter@51a8aed8, org.springframework.security.web.context.request.async.WebAsyncManagerIntegrationFilter@1f13eabb, org.springframework.security.web.context.SecurityContextHolderFilter@12e04531, org.springframework.security.web.header.HeaderWriterFilter@1391d95f, org.springframework.security.web.authentication.logout.LogoutFilter@59c2bf78, com.lukehemmin.lukeVanillaAPI.security.JwtAuthenticationFilter@cfe881a, org.springframework.security.web.savedrequest.RequestCacheAwareFilter@16baf8d0, org.springframework.security.web.servletapi.SecurityContextHolderAwareRequestFilter@354ed5c4, org.springframework.security.web.authentication.AnonymousAuthenticationFilter@75f579d2, org.springframework.security.web.session.SessionManagementFilter@6d43c881, org.springframework.security.web.access.ExceptionTranslationFilter@149162a4, org.springframework.security.web.access.intercept.AuthorizationFilter@386ec37d]
2025-03-23 23:28:04,427 INFO o.a.j.l.DirectJDKLog [main] Starting ProtocolHandler ["http-nio-8080"]
2025-03-23 23:28:04,453 INFO o.s.b.w.e.t.TomcatWebServer [main] Tomcat started on port(s): 8080 (http) with context path ''
2025-03-23 23:28:04,462 INFO o.s.b.StartupInfoLogger [main] Started LukeVanillaApiApplicationKt in 7.367 seconds (process running for 8.188)
2025-03-23 23:28:23,336 INFO o.a.j.l.DirectJDKLog [http-nio-8080-exec-1] Initializing Spring DispatcherServlet 'dispatcherServlet'
2025-03-23 23:28:23,337 INFO o.s.w.s.FrameworkServlet [http-nio-8080-exec-1] Initializing Servlet 'dispatcherServlet'
2025-03-23 23:28:23,343 INFO o.s.w.s.FrameworkServlet [http-nio-8080-exec-1] Completed initialization in 6 ms
2025-03-23 23:32:37,690 INFO o.s.a.AbstractOpenApiResource [http-nio-8080-exec-3] Init duration for springdoc-openapi is: 484 ms
2025-03-23 23:37:28,835 INFO o.s.o.j.AbstractEntityManagerFactoryBean [SpringApplicationShutdownHook] Closing JPA EntityManagerFactory for persistence unit 'default'
2025-03-23 23:37:28,837 INFO c.z.h.HikariDataSource [SpringApplicationShutdownHook] HikariPool-1 - Shutdown initiated...
2025-03-23 23:37:28,853 INFO c.z.h.HikariDataSource [SpringApplicationShutdownHook] HikariPool-1 - Shutdown completed.
2025-03-23 23:37:43,293 INFO o.s.b.StartupInfoLogger [main] Starting LukeVanillaApiApplicationKt using Java 17.0.12 with PID 29928 (C:\Users\Administrator\Documents\GitHub\LukeVanillaAPI\build\classes\kotlin\main started by Administrator in C:\Users\Administrator\Documents\GitHub\LukeVanillaAPI)
2025-03-23 23:37:43,295 DEBUG o.s.b.StartupInfoLogger [main] Running with Spring Boot v3.1.5, Spring v6.0.13
2025-03-23 23:37:43,297 INFO o.s.b.SpringApplication [main] No active profile set, falling back to 1 default profile: "default"
2025-03-23 23:37:44,265 INFO o.s.d.r.c.RepositoryConfigurationDelegate [main] Bootstrapping Spring Data JPA repositories in DEFAULT mode.
2025-03-23 23:37:44,340 INFO o.s.d.r.c.RepositoryConfigurationDelegate [main] Finished Spring Data repository scanning in 66 ms. Found 5 JPA repository interfaces.
2025-03-23 23:37:44,876 INFO o.s.b.w.e.t.TomcatWebServer [main] Tomcat initialized with port(s): 8080 (http)
2025-03-23 23:37:44,883 INFO o.a.j.l.DirectJDKLog [main] Initializing ProtocolHandler ["http-nio-8080"]
2025-03-23 23:37:44,886 INFO o.a.j.l.DirectJDKLog [main] Starting service [Tomcat]
2025-03-23 23:37:44,886 INFO o.a.j.l.DirectJDKLog [main] Starting Servlet engine: [Apache Tomcat/10.1.15]
2025-03-23 23:37:44,982 INFO o.a.j.l.DirectJDKLog [main] Initializing Spring embedded WebApplicationContext
2025-03-23 23:37:44,982 INFO o.s.b.w.s.c.ServletWebServerApplicationContext [main] Root WebApplicationContext: initialization completed in 1633 ms
2025-03-23 23:37:45,109 INFO c.z.h.HikariDataSource [main] HikariPool-1 - Starting...
2025-03-23 23:37:45,401 INFO c.z.h.p.HikariPool [main] HikariPool-1 - Added connection org.postgresql.jdbc.PgConnection@6def0632
2025-03-23 23:37:45,403 INFO c.z.h.HikariDataSource [main] HikariPool-1 - Start completed.
2025-03-23 23:37:45,491 INFO o.f.c.i.l.s.Slf4jLog [main] Flyway Community Edition 9.22.3 by Redgate
2025-03-23 23:37:45,491 INFO o.f.c.i.l.s.Slf4jLog [main] See release notes here: https://rd.gt/416ObMi
2025-03-23 23:37:45,491 INFO o.f.c.i.l.s.Slf4jLog [main] 
2025-03-23 23:37:45,495 DEBUG o.f.c.i.l.s.Slf4jLog [main] Scanning for classpath resources at 'classpath:db/callback' ...
2025-03-23 23:37:45,496 DEBUG o.f.c.i.l.s.Slf4jLog [main] Determining location urls for classpath:db/callback using ClassLoader jdk.internal.loader.ClassLoaders$AppClassLoader@5e481248 ...
2025-03-23 23:37:45,496 DEBUG o.f.c.i.l.s.Slf4jLog [main] Unable to resolve location classpath:db/callback.
2025-03-23 23:37:45,496 DEBUG o.f.c.i.l.s.Slf4jLog [main] Scanning for classpath resources at 'classpath:db/migration' ...
2025-03-23 23:37:45,496 DEBUG o.f.c.i.l.s.Slf4jLog [main] Determining location urls for classpath:db/migration using ClassLoader jdk.internal.loader.ClassLoaders$AppClassLoader@5e481248 ...
2025-03-23 23:37:45,496 DEBUG o.f.c.i.l.s.Slf4jLog [main] Scanning URL: file:/C:/Users/Administrator/Documents/GitHub/LukeVanillaAPI/build/resources/main/db/migration
2025-03-23 23:37:45,497 DEBUG o.f.c.i.l.s.Slf4jLog [main] Scanning starting at classpath root in filesystem: C:\Users\Administrator\Documents\GitHub\LukeVanillaAPI\build\resources\main\
2025-03-23 23:37:45,497 DEBUG o.f.c.i.l.s.Slf4jLog [main] Scanning for resources in path: C:\Users\Administrator\Documents\GitHub\LukeVanillaAPI\build\resources\main\db\migration (db/migration)
2025-03-23 23:37:45,500 DEBUG o.f.c.i.l.s.Slf4jLog [main] Found resource: db/migration/V1__Initial_Schema.sql
2025-03-23 23:37:45,500 DEBUG o.f.c.i.l.s.Slf4jLog [main] Scanning for classes at classpath:db/migration
2025-03-23 23:37:45,502 DEBUG o.f.c.i.l.s.Slf4jLog [main] Validating V1__Initial_Schema.sql
2025-03-23 23:37:45,510 INFO o.f.c.i.l.s.Slf4jLog [main] Database: jdbc:postgresql://192.168.0.228:5432/lukevanilla (PostgreSQL 16.8)
2025-03-23 23:37:45,511 DEBUG o.f.c.i.l.s.Slf4jLog [main] Driver: PostgreSQL JDBC Driver 42.7.2
2025-03-23 23:37:45,511 DEBUG o.f.c.i.l.s.Slf4jLog [main] DDL Transactions Supported: true
2025-03-23 23:37:45,511 DEBUG o.f.c.i.l.s.Slf4jLog [main] Schemas: 
2025-03-23 23:37:45,512 DEBUG o.f.c.i.l.s.Slf4jLog [main] Default schema: null
2025-03-23 23:37:45,523 WARN o.f.c.i.l.s.Slf4jLog [main] Flyway upgrade recommended: PostgreSQL 16.8 is newer than this version of Flyway and support has not been tested. The latest supported version of PostgreSQL is 15.
2025-03-23 23:37:45,524 DEBUG o.f.c.i.l.s.Slf4jLog [main] Scanning for SQL callbacks ...
2025-03-23 23:37:45,537 DEBUG o.f.c.i.l.s.Slf4jLog [main] Validating migrations ...
2025-03-23 23:37:45,546 DEBUG o.f.c.i.l.s.Slf4jLog [main] Filtering out resource: db/migration/V1__Initial_Schema.sql (filename: V1__Initial_Schema.sql)
2025-03-23 23:37:45,548 DEBUG o.f.c.i.l.s.Slf4jLog [main] Filtering out resource: db/migration/V1__Initial_Schema.sql (filename: V1__Initial_Schema.sql)
2025-03-23 23:37:45,569 INFO o.f.c.i.l.s.Slf4jLog [main] Successfully validated 2 migrations (execution time 00:00.030s)
2025-03-23 23:37:45,572 DEBUG o.f.c.i.l.s.Slf4jLog [main] Skipping creation of existing schema: "public"
2025-03-23 23:37:45,592 INFO o.f.c.i.l.s.Slf4jLog [main] Current version of schema "public": 1
2025-03-23 23:37:45,596 INFO o.f.c.i.l.s.Slf4jLog [main] Schema "public" is up to date. No migration necessary.
2025-03-23 23:37:45,609 DEBUG o.f.c.i.l.s.Slf4jLog [main] Memory usage: 40 of 80M
2025-03-23 23:37:46,099 INFO o.s.o.j.p.SpringPersistenceUnitInfo [main] No LoadTimeWeaver setup: ignoring JPA class transformer
2025-03-23 23:37:47,106 INFO o.s.o.j.AbstractEntityManagerFactoryBean [main] Initialized JPA EntityManagerFactory for persistence unit 'default'
2025-03-23 23:37:47,836 WARN o.s.b.a.o.j.JpaBaseConfiguration$JpaWebConfiguration [main] spring.jpa.open-in-view is enabled by default. Therefore, database queries may be performed during view rendering. Explicitly configure spring.jpa.open-in-view to disable this warning
2025-03-23 23:37:47,855 WARN o.s.b.a.s.s.UserDetailsServiceAutoConfiguration [main] 

Using generated security password: b3e54282-4f90-4f03-add6-1f46be43ca7b

This generated password is for development use only. Your security configuration must be updated before running your application in production.

2025-03-23 23:37:47,946 INFO o.s.b.a.w.s.WelcomePageHandlerMapping [main] Adding welcome page: class path resource [static/index.html]
2025-03-23 23:37:48,129 INFO o.s.s.w.DefaultSecurityFilterChain [main] Will secure any request with [org.springframework.security.web.session.DisableEncodeUrlFilter@797dd7ef, org.springframework.security.web.context.request.async.WebAsyncManagerIntegrationFilter@ece7204, org.springframework.security.web.context.SecurityContextHolderFilter@3681c285, org.springframework.security.web.header.HeaderWriterFilter@1df77353, org.springframework.security.web.authentication.logout.LogoutFilter@54464330, com.lukehemmin.lukeVanillaAPI.security.JwtAuthenticationFilter@22c4151b, org.springframework.security.web.savedrequest.RequestCacheAwareFilter@27de9336, org.springframework.security.web.servletapi.SecurityContextHolderAwareRequestFilter@3c4940d2, org.springframework.security.web.authentication.AnonymousAuthenticationFilter@2c3df478, org.springframework.security.web.session.SessionManagementFilter@4163f505, org.springframework.security.web.access.ExceptionTranslationFilter@632a7680, org.springframework.security.web.access.intercept.AuthorizationFilter@5e352e3a]
2025-03-23 23:37:48,475 INFO o.a.j.l.DirectJDKLog [main] Starting ProtocolHandler ["http-nio-8080"]
2025-03-23 23:37:48,492 INFO o.s.b.w.e.t.TomcatWebServer [main] Tomcat started on port(s): 8080 (http) with context path ''
2025-03-23 23:37:48,502 INFO o.s.b.StartupInfoLogger [main] Started LukeVanillaApiApplicationKt in 5.79 seconds (process running for 6.778)
2025-03-23 23:38:50,296 INFO o.a.j.l.DirectJDKLog [http-nio-8080-exec-1] Initializing Spring DispatcherServlet 'dispatcherServlet'
2025-03-23 23:38:50,296 INFO o.s.w.s.FrameworkServlet [http-nio-8080-exec-1] Initializing Servlet 'dispatcherServlet'
2025-03-23 23:38:50,297 INFO o.s.w.s.FrameworkServlet [http-nio-8080-exec-1] Completed initialization in 1 ms
2025-03-23 23:38:51,943 INFO o.s.a.AbstractOpenApiResource [http-nio-8080-exec-10] Init duration for springdoc-openapi is: 430 ms
